----------------------------------------------------------------
Sun Oct 27 20:49:54 NZDT 2024:
Booting Derby version The Apache Software Foundation - Apache Derby - 10.15.2.0 - (1873585): instance a816c00e-0192-ccf3-fc49-00001f4f53b0 
on database directory C:\Users\C.V\Desktop\AUT\COMP603\my603\ticketbookingsystem_maven_temp1\ticketbookingsystem_maven\keysDB with class loader jdk.internal.loader.ClassLoaders$AppClassLoader@7aec35a 
Loaded from file:/C:/Users/C.V/.m2/repository/org/apache/derby/derby/10.15.2.0/derby-10.15.2.0.jar
java.vendor=Oracle Corporation
java.runtime.version=11.0.23+7-LTS-222
user.dir=C:\Users\C.V\Desktop\AUT\COMP603\my603\ticketbookingsystem_maven_temp1\ticketbookingsystem_maven
os.name=Windows 11
os.arch=amd64
os.version=10.0
derby.system.home=null
Database Class Loader started - derby.database.classpath=''
----------------------------------------------------------------
Sun Oct 27 20:49:55 NZDT 2024:
Booting Derby version The Apache Software Foundation - Apache Derby - 10.15.2.0 - (1873585): instance c0a0c103-0192-ccf3-fc49-00001f4f53b0 
on database directory C:\Users\C.V\Desktop\AUT\COMP603\my603\ticketbookingsystem_maven_temp1\ticketbookingsystem_maven\ticketDB with class loader jdk.internal.loader.ClassLoaders$AppClassLoader@7aec35a 
Loaded from file:/C:/Users/C.V/.m2/repository/org/apache/derby/derby/10.15.2.0/derby-10.15.2.0.jar
java.vendor=Oracle Corporation
java.runtime.version=11.0.23+7-LTS-222
user.dir=C:\Users\C.V\Desktop\AUT\COMP603\my603\ticketbookingsystem_maven_temp1\ticketbookingsystem_maven
os.name=Windows 11
os.arch=amd64
os.version=10.0
derby.system.home=null
Database Class Loader started - derby.database.classpath=''
